****************************************************************************
***                            Sentaurus Mesh                            ***
***                          Version N-2017.09                           ***
***                        (1.563, x86_64, Linux)                        ***
***                                                                      ***
***                       Copyright (C) 2005-2017                        ***
***                            Synopsys, Inc.                            ***
***                                                                      ***
***  This software and the associated documentation are confidential     ***
***  and proprietary to Synopsys, Inc.  Your use or disclosure of this   ***
***  software is subject to the terms and conditions of a written        ***
***  license agreement between you, or your company, and Synopsys, Inc.  ***
****************************************************************************

Compiled Tue Aug  8 20:56:53 PDT 2017 on: tcadprod35
Running on: localhost.localdomain
Hardware type: x86_64
OS name: Linux
OS release: 2.6.32-504.el6.x86_64
OS version: #1 SMP Tue Sep 16 01:56:35 EDT 2014
Process ID: 4506

Flags used:

** Generating 2d grid **

Creating binary tree...done.
Imprinting binary tree on the boundary...done.
Optimizing boundary nodes...done.

Number of vertices after binary tree generation : 
  4313 (tree) + 343 (boundary)

** Delaunizing the mesh **

Creating delaunizer input...done.
Solving edges...done 
Optimizing elements...done. (4040 vertices)
Fixing diagonals...done.

The final mesh has: 
    3921 points.
    7562 elements.
       6 regions.
Max. connectivity = 8 located at (4.98047;10.0547)


==============================  tri-grid quality  ================================
    0  10  20  30  40  50  60  70  80  90 100 110 120 130 140 150 160 170 180
 %   10   6   4   3  10  10   3   5   6  43  .                             
---------------------------------------------------------------------------------
minAngle: 0.0447623  maxAngle: 99.4375
nVerts = 3921  nTris = 7562  nMats = 2
max connectivity (tris per node): 8
bmin: -0 -0
bmax: 15 11
min edgeLength: 0.000317383  [near (4.70016 10)]
min volume: 5.81145e-08  max volume: 0.0805664  Total volume: 150.85
bbox  volume: 165
Are all boundaries on bbox? false
=================================================================================

Smallest region: region_gox  Total volume: 0.85
Interpolating data...done.
done.
Saving file sdemodel_nmos_mesh_msh.tdr...done.

===============================  Timer Report===================================
              Total Mesh Generation Time:     0.759s       100%
                       Rate of #Vertices:  5.17e+03
                          Rate of #Edges:     1e+04
                          Rate of #Faces:  9.96e+03
                       Rate of #Elements:         0

                            Time Covered:         0s         0%

