###########################################
# Sentaurus Visual N-2017.09.
# Tcl log file.
#------------------------------------------
# Date: Jul 03, 2025. 18:37:51.
# Version: 27.0.563 (1.563)
# Mode: Interactive (GUI).
# Hostname: localhost.localdomain.
# Machine: Linux, x86_64, x86_64.
# Kernel: 2.6.32-504.el6.x86_64.
###########################################

load_file /home/sentaurus/STDB/projects/Diode/2@plot_des.plt
create_plot -1d
select_plots {Plot_1}
#-> Plot_1
#-> Plot_1
#-> 2_plot_des
load_file /home/sentaurus/STDB/projects/Diode/n@node@_0000_des.tdr
create_plot -dataset n_node__0000_des
select_plots {Plot_n_node__0000_des}
#-> Plot_n_node__0000_des
#-> Plot_n_node__0000_des
#-> n_node__0000_des
load_file /home/sentaurus/STDB/projects/Diode/n@node@_0002_des.tdr
create_plot -dataset n_node__0002_des
select_plots {Plot_n_node__0002_des}
#-> Plot_n_node__0002_des
#-> Plot_n_node__0002_des
#-> n_node__0002_des
load_file /home/sentaurus/STDB/projects/Diode/n@node@_0004_des.tdr
create_plot -dataset n_node__0004_des
select_plots {Plot_n_node__0004_des}
#-> Plot_n_node__0004_des
#-> Plot_n_node__0004_des
#-> n_node__0004_des
load_file /home/sentaurus/STDB/projects/Diode/n@node@_0006_des.tdr
create_plot -dataset n_node__0006_des
select_plots {Plot_n_node__0006_des}
#-> Plot_n_node__0006_des
#-> Plot_n_node__0006_des
#-> n_node__0006_des
load_file /home/sentaurus/STDB/projects/Diode/n@node@_0008_des.tdr
create_plot -dataset n_node__0008_des
select_plots {Plot_n_node__0008_des}
#-> Plot_n_node__0008_des
#-> Plot_n_node__0008_des
#-> n_node__0008_des
select_plots {Plot_1}
#-> Plot_1
create_curve -plot Plot_1 -dataset {2_plot_des} -axisX {Anode OuterVoltage} -axisY {Anode TotalCurrent}
#-> Curve_1
select_plots {Plot_n_node__0000_des}
#-> Plot_n_node__0000_des
select_plots {Plot_n_node__0000_des Plot_n_node__0004_des}
#-> Plot_n_node__0000_des Plot_n_node__0004_des
select_plots {Plot_n_node__0000_des Plot_n_node__0004_des}
#-> Plot_n_node__0000_des Plot_n_node__0004_des
select_plots {Plot_n_node__0000_des Plot_n_node__0004_des Plot_n_node__0006_des}
#-> Plot_n_node__0000_des Plot_n_node__0004_des Plot_n_node__0006_des
select_plots {Plot_n_node__0000_des Plot_n_node__0004_des Plot_n_node__0006_des}
#-> Plot_n_node__0000_des Plot_n_node__0004_des Plot_n_node__0006_des
select_plots {Plot_n_node__0000_des Plot_n_node__0004_des Plot_n_node__0006_des Plot_n_node__0008_des}
#-> Plot_n_node__0000_des Plot_n_node__0004_des Plot_n_node__0006_des Plot_n_node__0008_des
select_plots {Plot_n_node__0000_des Plot_n_node__0004_des Plot_n_node__0006_des Plot_n_node__0008_des}
#-> Plot_n_node__0000_des Plot_n_node__0004_des Plot_n_node__0006_des Plot_n_node__0008_des
select_plots {Plot_n_node__0000_des Plot_n_node__0004_des Plot_n_node__0006_des Plot_n_node__0008_des Plot_n_node__0002_des}
#-> Plot_n_node__0000_des Plot_n_node__0002_des Plot_n_node__0004_des Plot_n_node__0006_des Plot_n_node__0008_des
select_plots {Plot_n_node__0000_des Plot_n_node__0004_des Plot_n_node__0006_des Plot_n_node__0008_des Plot_n_node__0002_des}
#-> Plot_n_node__0000_des Plot_n_node__0002_des Plot_n_node__0004_des Plot_n_node__0006_des Plot_n_node__0008_des
link_plots {Plot_n_node__0000_des Plot_n_node__0002_des Plot_n_node__0004_des Plot_n_node__0006_des Plot_n_node__0008_des}
#-> 1
set_field_prop -plot Plot_n_node__0002_des -geom n_node__0002_des ElectrostaticPotential -show_bands
#-> 0
zoom_plot -plot Plot_n_node__0000_des -factor 1.1
zoom_plot -plot Plot_n_node__0000_des -factor 1.21
zoom_plot -plot Plot_n_node__0000_des -factor 1.1
zoom_plot -plot Plot_n_node__0000_des -factor 1.1
zoom_plot -plot Plot_n_node__0000_des -factor 1.21
zoom_plot -plot Plot_n_node__0000_des -factor 1.1
zoom_plot -plot Plot_n_node__0000_des -factor 1.1
zoom_plot -plot Plot_n_node__0000_des -factor 1.331
zoom_plot -plot Plot_n_node__0000_des -factor 1.1
zoom_plot -plot Plot_n_node__0000_des -factor 1.331
zoom_plot -plot Plot_n_node__0000_des -factor 1.1
zoom_plot -plot Plot_n_node__0000_des -factor 1.21
zoom_plot -plot Plot_n_node__0000_des -factor 1.1
zoom_plot -plot Plot_n_node__0000_des -factor 1.1
zoom_plot -plot Plot_n_node__0000_des -factor 1.1
zoom_plot -plot Plot_n_node__0000_des -factor 0.909091
zoom_plot -plot Plot_n_node__0000_des -factor 0.751315
zoom_plot -plot Plot_n_node__0000_des -factor 0.909091
zoom_plot -plot Plot_n_node__0000_des -factor 0.909091
zoom_plot -plot Plot_n_node__0000_des -factor 0.620921
zoom_plot -plot Plot_n_node__0000_des -factor 0.909091
zoom_plot -plot Plot_n_node__0000_des -factor 0.751315
zoom_plot -plot Plot_n_node__0000_des -factor 0.909091
zoom_plot -plot Plot_n_node__0000_des -factor 0.909091
zoom_plot -plot Plot_n_node__0000_des -factor 0.751315
zoom_plot -plot Plot_n_node__0000_des -factor 0.909091
zoom_plot -plot Plot_n_node__0000_des -factor 0.909091
zoom_plot -plot Plot_n_node__0000_des -factor 0.683013
zoom_plot -plot Plot_n_node__0000_des -factor 1.1
zoom_plot -plot Plot_n_node__0000_des -factor 1.1
zoom_plot -plot Plot_n_node__0000_des -factor 1.1
load_file /home/sentaurus/STDB/projects/Diode/@drdata_des.tdr
create_plot -dataset _drdata_des
select_plots {Plot__drdata_des}
#-> Plot__drdata_des
#-> Plot__drdata_des
#-> _drdata_des
load_file /home/sentaurus/STDB/projects/Diode/sdemodel_np_mesh_msh.tdr
create_plot -dataset sdemodel_np_mesh_msh
select_plots {Plot_sdemodel_np_mesh_msh}
#-> Plot_sdemodel_np_mesh_msh
#-> Plot_sdemodel_np_mesh_msh
#-> sdemodel_np_mesh_msh
zoom_plot -plot Plot_sdemodel_np_mesh_msh -factor 1.1
zoom_plot -plot Plot_sdemodel_np_mesh_msh -factor 1.1
zoom_plot -plot Plot_sdemodel_np_mesh_msh -factor 0.909091
zoom_plot -plot Plot_sdemodel_np_mesh_msh -factor 0.909091
zoom_plot -plot Plot_sdemodel_np_mesh_msh -factor 0.909091
zoom_plot -plot Plot_sdemodel_np_mesh_msh -factor 0.909091
select_plots {Plot__drdata_des}
#-> Plot__drdata_des
create_cutline -plot Plot__drdata_des -type y -at 0.50868
#-> C1(_drdata_des)
create_plot -dataset C1(_drdata_des) -1d
select_plots {Plot_C1(_drdata_des)}
#-> Plot_C1(_drdata_des)
#-> Plot_C1(_drdata_des)
set_axis_prop -plot Plot_C1(_drdata_des) -axis y -type log
#-> 0
create_curve -plot Plot_C1(_drdata_des) -dataset {C1(_drdata_des)} -axisX X -axisY DopingConcentration
#-> Curve_1
set_legend_prop -plot Plot_C1(_drdata_des) -position {0.187243 0.958647}
#-> 0
remove_curves -plot Plot_C1(_drdata_des) {Curve_1}
#-> Curve_1
create_curve -plot Plot_C1(_drdata_des) -dataset {C1(_drdata_des)} -axisX X -axisY ElectrostaticPotential
#-> Curve_1
zoom_plot -plot Plot_C1(_drdata_des) -factor 0.9
zoom_plot -plot Plot_C1(_drdata_des) -factor 0.9
zoom_plot -plot Plot_C1(_drdata_des) -factor 0.9
zoom_plot -plot Plot_C1(_drdata_des) -factor 0.9
zoom_plot -plot Plot_C1(_drdata_des) -factor 0.9
zoom_plot -plot Plot_C1(_drdata_des) -factor 0.9
zoom_plot -plot Plot_C1(_drdata_des) -factor 0.9
zoom_plot -plot Plot_C1(_drdata_des) -factor 0.9
zoom_plot -plot Plot_C1(_drdata_des) -factor 1.1
zoom_plot -plot Plot_C1(_drdata_des) -factor 1.1
zoom_plot -plot Plot_C1(_drdata_des) -factor 1.1
zoom_plot -plot Plot_C1(_drdata_des) -factor 1.1
zoom_plot -plot Plot_C1(_drdata_des) -factor 1.1
select_plots {Plot_n_node__0008_des}
#-> Plot_n_node__0008_des
create_cutline -plot Plot_n_node__0008_des -type y -at 0.5
#-> C1(n_node__0008_des)
create_curve -plot Plot_C1(_drdata_des) -dataset {C1(n_node__0000_des)} -axisX X -axisY ElectrostaticPotential
#-> Curve_2
create_curve -plot Plot_C1(_drdata_des) -dataset {C1(n_node__0002_des)} -axisX X -axisY ElectrostaticPotential
#-> Curve_3
create_curve -plot Plot_C1(_drdata_des) -dataset {C1(n_node__0004_des)} -axisX X -axisY ElectrostaticPotential
#-> Curve_4
create_curve -plot Plot_C1(_drdata_des) -dataset {C1(n_node__0006_des)} -axisX X -axisY ElectrostaticPotential
#-> Curve_5
create_curve -plot Plot_C1(_drdata_des) -dataset {C1(n_node__0008_des)} -axisX X -axisY ElectrostaticPotential
#-> Curve_6
select_plots {Plot_C1(_drdata_des)}
#-> Plot_C1(_drdata_des)
zoom_plot -plot Plot_C1(_drdata_des) -factor 0.9
zoom_plot -plot Plot_C1(_drdata_des) -factor 0.9
zoom_plot -plot Plot_C1(_drdata_des) -factor 0.9
zoom_plot -plot Plot_C1(_drdata_des) -factor 1.1
zoom_plot -plot Plot_C1(_drdata_des) -factor 1.1
zoom_plot -plot Plot_C1(_drdata_des) -factor 1.1
zoom_plot -plot Plot_C1(_drdata_des) -factor 1.1
zoom_plot -plot Plot_C1(_drdata_des) -factor 1.1
zoom_plot -plot Plot_C1(_drdata_des) -factor 1.1
set_legend_prop -plot Plot_C1(_drdata_des) -position {0.0987654 0.755639}
#-> 0
zoom_plot -plot Plot_C1(_drdata_des) -factor 0.9
zoom_plot -plot Plot_C1(_drdata_des) -factor 0.9
zoom_plot -plot Plot_C1(_drdata_des) -factor 0.9
zoom_plot -plot Plot_C1(_drdata_des) -factor 0.9
zoom_plot -plot Plot_C1(_drdata_des) -factor 1.1
zoom_plot -plot Plot_C1(_drdata_des) -factor 1.1
zoom_plot -plot Plot_C1(_drdata_des) -factor 1.1
zoom_plot -plot Plot_C1(_drdata_des) -factor 1.1
zoom_plot -plot Plot_C1(_drdata_des) -factor 1.1
zoom_plot -plot Plot_C1(_drdata_des) -factor 1.1
zoom_plot -plot Plot_C1(_drdata_des) -factor 1.1
zoom_plot -plot Plot_C1(_drdata_des) -factor 1.1
zoom_plot -plot Plot_C1(_drdata_des) -factor 0.9
zoom_plot -plot Plot_C1(_drdata_des) -factor 0.9
zoom_plot -plot Plot_C1(_drdata_des) -factor 0.9
zoom_plot -plot Plot_C1(_drdata_des) -factor 0.9
zoom_plot -plot Plot_C1(_drdata_des) -factor 0.9
zoom_plot -plot Plot_C1(_drdata_des) -factor 0.9
exit 0
 
